0 info it worked if it ends with ok
1 verbose cli [ 'C:\\Program Files\\nodejs\\node.exe',
1 verbose cli   'C:\\Program Files\\nodejs\\node_modules\\npm\\bin\\npm-cli.js',
1 verbose cli   'install',
1 verbose cli   'jquery@1.9.1',
1 verbose cli   '-',
1 verbose cli   '3' ]
2 info using npm@3.10.10
3 info using node@v6.11.4
4 silly loadCurrentTree Starting
5 silly install loadCurrentTree
6 silly install readLocalPackageData
7 silly fetchPackageMetaData jquery@1.9.1
8 silly fetchPackageMetaData -
9 silly fetchPackageMetaData 3
10 silly fetchNamedPackageData jquery
11 silly mapToRegistry name jquery
12 silly mapToRegistry using default registry
13 silly mapToRegistry registry https://registry.npmjs.org/
14 silly mapToRegistry data Result {
14 silly mapToRegistry   raw: 'jquery',
14 silly mapToRegistry   scope: null,
14 silly mapToRegistry   escapedName: 'jquery',
14 silly mapToRegistry   name: 'jquery',
14 silly mapToRegistry   rawSpec: '',
14 silly mapToRegistry   spec: 'latest',
14 silly mapToRegistry   type: 'tag' }
15 silly mapToRegistry uri https://registry.npmjs.org/jquery
16 silly fetchOtherPackageData -
17 silly cache add args [ '-', null ]
18 verbose cache add spec -
19 silly fetchNamedPackageData 3
20 silly mapToRegistry name 3
21 silly mapToRegistry using default registry
22 silly mapToRegistry registry https://registry.npmjs.org/
23 silly mapToRegistry data Result {
23 silly mapToRegistry   raw: '3',
23 silly mapToRegistry   scope: null,
23 silly mapToRegistry   escapedName: '3',
23 silly mapToRegistry   name: '3',
23 silly mapToRegistry   rawSpec: '',
23 silly mapToRegistry   spec: 'latest',
23 silly mapToRegistry   type: 'tag' }
24 silly mapToRegistry uri https://registry.npmjs.org/3
25 verbose request uri https://registry.npmjs.org/jquery
26 verbose request no auth needed
27 info attempt registry request try #1 at 17:08:11
28 verbose request id 0abd080a31701c17
29 http request GET https://registry.npmjs.org/jquery
30 silly cache add parsed spec Result {
30 silly cache add   raw: '-',
30 silly cache add   scope: null,
30 silly cache add   escapedName: null,
30 silly cache add   name: null,
30 silly cache add   rawSpec: '-',
30 silly cache add   spec: 'C:\\Users\\timje\\Desktop\\bootcamp_assignments\\Week_1_Oct26\\Basic-Portfolio\\styles\\-',
30 silly cache add   type: 'local' }
31 verbose request uri https://registry.npmjs.org/3
32 verbose request no auth needed
33 info attempt registry request try #1 at 17:08:11
34 http request GET https://registry.npmjs.org/3
35 error addLocal Could not install C:\Users\timje\Desktop\bootcamp_assignments\Week_1_Oct26\Basic-Portfolio\styles\-
36 silly fetchPackageMetaData Error: ENOENT: no such file or directory, open 'C:\Users\timje\Desktop\bootcamp_assignments\Week_1_Oct26\Basic-Portfolio\styles\-'
36 silly fetchPackageMetaData     at Error (native)
36 silly fetchPackageMetaData  error for - { Error: ENOENT: no such file or directory, open 'C:\Users\timje\Desktop\bootcamp_assignments\Week_1_Oct26\Basic-Portfolio\styles\-'
36 silly fetchPackageMetaData     at Error (native)
36 silly fetchPackageMetaData   errno: -4058,
36 silly fetchPackageMetaData   code: 'ENOENT',
36 silly fetchPackageMetaData   syscall: 'open',
36 silly fetchPackageMetaData   path: 'C:\\Users\\timje\\Desktop\\bootcamp_assignments\\Week_1_Oct26\\Basic-Portfolio\\styles\\-' }
37 http 200 https://registry.npmjs.org/jquery
38 verbose headers { server: 'nginx/1.10.1',
38 verbose headers   'content-type': 'application/json',
38 verbose headers   'last-modified': 'Mon, 23 Oct 2017 03:16:48 GMT',
38 verbose headers   etag: 'W/"59ed5f20-16303"',
38 verbose headers   'content-encoding': 'gzip',
38 verbose headers   'cache-control': 'max-age=300',
38 verbose headers   'content-length': '10950',
38 verbose headers   'accept-ranges': 'bytes',
38 verbose headers   date: 'Mon, 23 Oct 2017 21:07:26 GMT',
38 verbose headers   via: '1.1 varnish',
38 verbose headers   age: '227',
38 verbose headers   connection: 'keep-alive',
38 verbose headers   'x-served-by': 'cache-pdk17830-PDK',
38 verbose headers   'x-cache': 'HIT',
38 verbose headers   'x-cache-hits': '1',
38 verbose headers   'x-timer': 'S1508792847.812811,VS0,VE0',
38 verbose headers   vary: 'Accept-Encoding, Accept' }
39 silly get cb [ 200,
39 silly get   { server: 'nginx/1.10.1',
39 silly get     'content-type': 'application/json',
39 silly get     'last-modified': 'Mon, 23 Oct 2017 03:16:48 GMT',
39 silly get     etag: 'W/"59ed5f20-16303"',
39 silly get     'content-encoding': 'gzip',
39 silly get     'cache-control': 'max-age=300',
39 silly get     'content-length': '10950',
39 silly get     'accept-ranges': 'bytes',
39 silly get     date: 'Mon, 23 Oct 2017 21:07:26 GMT',
39 silly get     via: '1.1 varnish',
39 silly get     age: '227',
39 silly get     connection: 'keep-alive',
39 silly get     'x-served-by': 'cache-pdk17830-PDK',
39 silly get     'x-cache': 'HIT',
39 silly get     'x-cache-hits': '1',
39 silly get     'x-timer': 'S1508792847.812811,VS0,VE0',
39 silly get     vary: 'Accept-Encoding, Accept' } ]
40 verbose get saving jquery to C:\Users\timje\AppData\Roaming\npm-cache\registry.npmjs.org\jquery\.cache.json
41 verbose correctMkdir C:\Users\timje\AppData\Roaming\npm-cache correctMkdir not in flight; initializing
42 http 200 https://registry.npmjs.org/3
43 verbose headers { server: 'nginx/1.10.1',
43 verbose headers   'content-type': 'application/json',
43 verbose headers   'last-modified': 'Mon, 25 May 2015 17:01:31 GMT',
43 verbose headers   etag: 'W/"5563556b-b0e"',
43 verbose headers   'content-encoding': 'gzip',
43 verbose headers   'cache-control': 'max-age=300',
43 verbose headers   'content-length': '1003',
43 verbose headers   'accept-ranges': 'bytes',
43 verbose headers   date: 'Mon, 23 Oct 2017 21:07:27 GMT',
43 verbose headers   via: '1.1 varnish',
43 verbose headers   age: '0',
43 verbose headers   connection: 'keep-alive',
43 verbose headers   'x-served-by': 'cache-pdk17831-PDK',
43 verbose headers   'x-cache': 'MISS',
43 verbose headers   'x-cache-hits': '0',
43 verbose headers   'x-timer': 'S1508792847.837912,VS0,VE253',
43 verbose headers   vary: 'Accept-Encoding, Accept' }
44 silly get cb [ 200,
44 silly get   { server: 'nginx/1.10.1',
44 silly get     'content-type': 'application/json',
44 silly get     'last-modified': 'Mon, 25 May 2015 17:01:31 GMT',
44 silly get     etag: 'W/"5563556b-b0e"',
44 silly get     'content-encoding': 'gzip',
44 silly get     'cache-control': 'max-age=300',
44 silly get     'content-length': '1003',
44 silly get     'accept-ranges': 'bytes',
44 silly get     date: 'Mon, 23 Oct 2017 21:07:27 GMT',
44 silly get     via: '1.1 varnish',
44 silly get     age: '0',
44 silly get     connection: 'keep-alive',
44 silly get     'x-served-by': 'cache-pdk17831-PDK',
44 silly get     'x-cache': 'MISS',
44 silly get     'x-cache-hits': '0',
44 silly get     'x-timer': 'S1508792847.837912,VS0,VE253',
44 silly get     vary: 'Accept-Encoding, Accept' } ]
45 verbose get saving 3 to C:\Users\timje\AppData\Roaming\npm-cache\registry.npmjs.org\3\.cache.json
46 verbose correctMkdir C:\Users\timje\AppData\Roaming\npm-cache correctMkdir not in flight; initializing
47 silly rollbackFailedOptional Starting
48 silly rollbackFailedOptional Finishing
49 silly runTopLevelLifecycles Finishing
50 silly install printInstalled
51 verbose stack Error: ENOENT: no such file or directory, open 'C:\Users\timje\Desktop\bootcamp_assignments\Week_1_Oct26\Basic-Portfolio\styles\-'
51 verbose stack     at Error (native)
52 verbose cwd C:\Users\timje\Desktop\bootcamp_assignments\Week_1_Oct26\Basic-Portfolio\styles
53 error Windows_NT 10.0.15063
54 error argv "C:\\Program Files\\nodejs\\node.exe" "C:\\Program Files\\nodejs\\node_modules\\npm\\bin\\npm-cli.js" "install" "jquery@1.9.1" "-" "3"
55 error node v6.11.4
56 error npm  v3.10.10
57 error path C:\Users\timje\Desktop\bootcamp_assignments\Week_1_Oct26\Basic-Portfolio\styles\-
58 error code ENOENT
59 error errno -4058
60 error syscall open
61 error enoent ENOENT: no such file or directory, open 'C:\Users\timje\Desktop\bootcamp_assignments\Week_1_Oct26\Basic-Portfolio\styles\-'
62 error enoent ENOENT: no such file or directory, open 'C:\Users\timje\Desktop\bootcamp_assignments\Week_1_Oct26\Basic-Portfolio\styles\-'
62 error enoent This is most likely not a problem with npm itself
62 error enoent and is related to npm not being able to find a file.
63 verbose exit [ -4058, true ]
